<?xml version="1.0" encoding="UTF-8" ?>
<testsuite failures="0" time="0" errors="0" skipped="0" tests="3" name="test.es.gob.jmulticard.asn1.TestAsn1SyntaxException">
  <properties>
    <property name="java.runtime.name" value="Java(TM) SE Runtime Environment"/>
    <property name="sun.boot.library.path" value="D:\Programas\java6\SDK\jdk\jre\bin"/>
    <property name="java.vm.version" value="16.3-b01"/>
    <property name="java.vm.vendor" value="Sun Microsystems Inc."/>
    <property name="java.vendor.url" value="http://java.sun.com/"/>
    <property name="path.separator" value=";"/>
    <property name="guice.disable.misplaced.annotation.check" value="true"/>
    <property name="java.vm.name" value="Java HotSpot(TM) Client VM"/>
    <property name="file.encoding.pkg" value="sun.io"/>
    <property name="user.country" value="AR"/>
    <property name="sun.java.launcher" value="SUN_STANDARD"/>
    <property name="sun.os.patch.level" value="Service Pack 3"/>
    <property name="java.vm.specification.name" value="Java Virtual Machine Specification"/>
    <property name="user.dir" value="D:\Desarrollo\eclipse-jee-juno-win32\workspace\jmulticard-base"/>
    <property name="java.runtime.version" value="1.6.0_20-b02"/>
    <property name="java.awt.graphicsenv" value="sun.awt.Win32GraphicsEnvironment"/>
    <property name="java.endorsed.dirs" value="D:\Programas\java6\SDK\jdk\jre\lib\endorsed"/>
    <property name="os.arch" value="x86"/>
    <property name="java.io.tmpdir" value="C:\DOCUME~1\qwerty\CONFIG~1\Temp\"/>
    <property name="line.separator" value="
"/>
    <property name="java.vm.specification.vendor" value="Sun Microsystems Inc."/>
    <property name="user.variant" value=""/>
    <property name="os.name" value="Windows XP"/>
    <property name="classworlds.conf" value="D:\Desarrollo\eclipse-jee-juno-win32\workspace\.metadata\.plugins\org.eclipse.m2e.launching\launches\m2conf1027907766990690567.tmp"/>
    <property name="sun.jnu.encoding" value="Cp1252"/>
    <property name="java.library.path" value="D:\Programas\java6\SDK\jdk\bin;.;C:\WINDOWS\Sun\Java\bin;C:\WINDOWS\system32;C:\WINDOWS;C:\Documents and Settings\All Users\Datos de programa\Oracle\Java\javapath;C:\Archivos de programa\Archivos comunes\Microsoft Shared\Windows Live;C:\WINDOWS\system32;C:\WINDOWS;C:\WINDOWS\System32\Wbem;d:\programas\matlab6\bin\win32;d:\programas\quartusii-9.1sp2\quartus\bin;D:\Programas\wamp\bin\php\php5.4.3;C:\Documents and Settings\All Users\Datos de programa\ComposerSetup\bin;C:\Archivos de programa\Microsoft SQL Server\100\Tools\Binn\;C:\Archivos de programa\Microsoft SQL Server\100\DTS\Binn\;C:\WINDOWS\system32\WindowsPowerShell\v1.0;D:\Programas\java6\SDK\bin;C:\Archivos de programa\Archivos comunes\Microsoft Shared\Windows Live;D:\Programas\java\bin;D:\Desarrollo\glassfish3\ant\bin;D:\Desarrollo\glassfish3\glassfish\bin;D:\Desarrollo\glassfish3\bin;D:\Programas\Nmap;D:\Desarrollo\glassfish3\javadb\bin;"/>
    <property name="java.specification.name" value="Java Platform API Specification"/>
    <property name="java.class.version" value="50.0"/>
    <property name="sun.management.compiler" value="HotSpot Client Compiler"/>
    <property name="os.version" value="5.1"/>
    <property name="user.home" value="C:\Documents and Settings\qwerty"/>
    <property name="user.timezone" value="America/Buenos_Aires"/>
    <property name="java.awt.printerjob" value="sun.awt.windows.WPrinterJob"/>
    <property name="file.encoding" value="UTF-8"/>
    <property name="java.specification.version" value="1.6"/>
    <property name="user.name" value="qwerty"/>
    <property name="java.class.path" value="D:\Desarrollo\apache-maven-3.0.4\boot\plexus-classworlds-2.4.jar"/>
    <property name="java.vm.specification.version" value="1.0"/>
    <property name="sun.arch.data.model" value="32"/>
    <property name="java.home" value="D:\Programas\java6\SDK\jdk\jre"/>
    <property name="java.specification.vendor" value="Sun Microsystems Inc."/>
    <property name="user.language" value="es"/>
    <property name="awt.toolkit" value="sun.awt.windows.WToolkit"/>
    <property name="java.vm.info" value="mixed mode"/>
    <property name="java.version" value="1.6.0_20"/>
    <property name="java.ext.dirs" value="D:\Programas\java6\SDK\jdk\jre\lib\ext;C:\WINDOWS\Sun\Java\lib\ext"/>
    <property name="sun.boot.class.path" value="D:\Programas\java6\SDK\jdk\jre\lib\resources.jar;D:\Programas\java6\SDK\jdk\jre\lib\rt.jar;D:\Programas\java6\SDK\jdk\jre\lib\sunrsasign.jar;D:\Programas\java6\SDK\jdk\jre\lib\jsse.jar;D:\Programas\java6\SDK\jdk\jre\lib\jce.jar;D:\Programas\java6\SDK\jdk\jre\lib\charsets.jar;D:\Programas\java6\SDK\jdk\jre\classes"/>
    <property name="java.vendor" value="Sun Microsystems Inc."/>
    <property name="maven.home" value="D:\Desarrollo\apache-maven-3.0.4"/>
    <property name="file.separator" value="\"/>
    <property name="java.vendor.url.bug" value="http://java.sun.com/cgi-bin/bugreport.cgi"/>
    <property name="maven.bootclasspath" value="D:\Desarrollo\apache-maven-3.0.4\boot\plexus-classworlds-2.4.jar"/>
    <property name="sun.cpu.endian" value="little"/>
    <property name="sun.io.unicode.encoding" value="UnicodeLittle"/>
    <property name="sun.desktop" value="windows"/>
    <property name="sun.cpu.isalist" value="pentium_pro+mmx pentium_pro pentium+mmx pentium i486 i386 i86"/>
  </properties>
  <testcase time="0" classname="test.es.gob.jmulticard.asn1.TestAsn1SyntaxException" name="testAsn1SyntaxExceptionString"/>
  <testcase time="0" classname="test.es.gob.jmulticard.asn1.TestAsn1SyntaxException" name="testAsn1SyntaxExceptionThrowable"/>
  <testcase time="0" classname="test.es.gob.jmulticard.asn1.TestAsn1SyntaxException" name="testAsn1SyntaxExceptionStringThrowable"/>
</testsuite>